Parsing https://github.com/dtruong46me/h3c with projectName /dtruong46me/h3c and projectTitle undefined and folders undefined and excludeFolders undefined
Processing new repository
Parsing started /dtruong46me/h3c
Cloning repository https://github.com/dtruong46me/h3c This may take a while...
Repository cloned https://github.com/dtruong46me/h3c in 284ms
Found docs files 167
Cache miss for: 03-Layer 2—LAN Switching Configuration Guide/03-Bulk interface configuration.md
Cache miss for: 01-Fundamentals Configuration Guide/09-Automatic configuration.md
Cache miss for: 03-Layer 2—LAN Switching Configuration Guide/04-MAC address table configuration.md
Cache miss for: 03-Layer 2—LAN Switching Configuration Guide/01-Ethernet interface configuration.md
Cache miss for: 03-Layer 2—LAN Switching Configuration Guide/08-VLAN configuration.md
Cache miss for: 01-Fundamentals Configuration Guide/11-Tcl configuration.md
Cache miss for: 02-Virtual Technologies Configuration Guide/01-IRF configuration.md
Cache miss for: 03-Layer 2—LAN Switching Configuration Guide/13-Spanning tree configuration.md
Cache miss for: 03-Layer 2—LAN Switching Configuration Guide/17-Service loopback group configuration.md
Cache miss for: 03-Layer 2—LAN Switching Configuration Guide/09-MVRP configuration.md
Cache miss for: 01-Fundamentals Configuration Guide/12-Python configuration.md
Cache miss for: 03-Layer 2—LAN Switching Configuration Guide/02-Loopback, null, and inloopback interface configuration.md
Cache miss for: 03-Layer 2—LAN Switching Configuration Guide/06-M-LAG configuration.md
Cache miss for: 03-Layer 2—LAN Switching Configuration Guide/07-Port isolation configuration.md
Cache miss for: 03-Layer 2—LAN Switching Configuration Guide/10-QinQ configuration.md
Cache miss for: 03-Layer 2—LAN Switching Configuration Guide/16-PPP configuration.md
Cache miss for: 03-Layer 2—LAN Switching Configuration Guide/14-LLDP configuration.md
Cache miss for: 03-Layer 2—LAN Switching Configuration Guide/05-Ethernet link aggregation configuration.md
Cache miss for: 03-Layer 2—LAN Switching Configuration Guide/12-Loop detection configuration.md
Cache miss for: 03-Layer 2—LAN Switching Configuration Guide/11-VLAN mapping configuration.md
Cache miss for: 03-Layer 2—LAN Switching Configuration Guide/15-L2PT configuration.md
Cache miss for: 03-Layer 2—LAN Switching Configuration Guide/18-PFC configuration.md
Cache miss for: 04-Layer 3—IP Services Configuration Guide/05-mDNS relay configuration.md
Cache miss for: 04-Layer 3—IP Services Configuration Guide/09-Adjacency table configuration.md
Cache miss for: 04-Layer 3—IP Services Configuration Guide/04-DNS configuration.md
Cache miss for: 04-Layer 3—IP Services Configuration Guide/10-IRDP configuration.md
Cache miss for: 04-Layer 3—IP Services Configuration Guide/12-UDP helper configuration.md
Cache miss for: 04-Layer 3—IP Services Configuration Guide/02-IP addressing configuration.md
Cache miss for: 01-Fundamentals Configuration Guide/04-FTP and TFTP configuration.md
Cache miss for: 01-Fundamentals Configuration Guide/01-CLI configuration.md
Cache miss for: 01-Fundamentals Configuration Guide/05-File system management configuration.md
Cache miss for: 01-Fundamentals Configuration Guide/03-Login management configuration.md
Cache miss for: 01-Fundamentals Configuration Guide/07-Software upgrade configuration.md
Cache miss for: 01-Fundamentals Configuration Guide/10-Device management configuration.md
Cache miss for: 01-Fundamentals Configuration Guide/06-Configuration file management configuration.md
Cache miss for: 04-Layer 3—IP Services Configuration Guide/07-IP forwarding basics configuration.md
Cache miss for: 04-Layer 3—IP Services Configuration Guide/08-Fast forwarding configuration.md
Cache miss for: 04-Layer 3—IP Services Configuration Guide/16-Tunneling configuration.md
Cache miss for: 04-Layer 3—IP Services Configuration Guide/01-ARP configuration.md
Cache miss for: 04-Layer 3—IP Services Configuration Guide/03-DHCP configuration.md
Cache miss for: 04-Layer 3—IP Services Configuration Guide/14-DHCPv6 configuration.md
Cache miss for: 04-Layer 3—IP Services Configuration Guide/15-IPv6 fast forwarding configuration.md
Cache miss for: 04-Layer 3—IP Services Configuration Guide/11-IP performance optimization configuration.md
Cache miss for: 04-Layer 3—IP Services Configuration Guide/18-HTTP redirect configuration.md
Cache miss for: 04-Layer 3—IP Services Configuration Guide/13-IPv6 basics configuration.md
Cache miss for: 04-Layer 3—IP Services Configuration Guide/06-mDNS gateway configuration.md
Cache miss for: 01-Fundamentals Configuration Guide/13-License management.md
Cache miss for: 01-Fundamentals Configuration Guide/02-RBAC configuration.md
Cache miss for: 01-Fundamentals Configuration Guide/08-ISSU configuration.md
Cache miss for: 04-Layer 3—IP Services Configuration Guide/17-GRE configuration.md
Cache miss for: 05-Layer 3—IP Routing Configuration Guide/01-Basic IP routing configuration.md
Large but empty file: 04-Layer 3—IP Services Configuration Guide/14-DHCPv6 configuration.md
Cache miss for: 05-Layer 3—IP Routing Configuration Guide/02-Static routing configuration.md
Cache miss for: 05-Layer 3—IP Routing Configuration Guide/03-RIP configuration.md
Cache miss for: 05-Layer 3—IP Routing Configuration Guide/04-OSPF configuration.md
Large but empty file: 04-Layer 3—IP Services Configuration Guide/03-DHCP configuration.md
Cache miss for: 05-Layer 3—IP Routing Configuration Guide/05-IS-IS configuration.md
Processed file: 04-Layer 3—IP Services Configuration Guide/15-IPv6 fast forwarding configuration.md
Processed file: 04-Layer 3—IP Services Configuration Guide/18-HTTP redirect configuration.md
Cache miss for: 05-Layer 3—IP Routing Configuration Guide/06-BGP configuration.md
Cache miss for: 05-Layer 3—IP Routing Configuration Guide/07-Policy-based routing configuration.md
Processed file: 03-Layer 2—LAN Switching Configuration Guide/02-Loopback, null, and inloopback interface configuration.md
Cache miss for: 05-Layer 3—IP Routing Configuration Guide/08-IPv6 static routing configuration.md
Processed file: 04-Layer 3—IP Services Configuration Guide/08-Fast forwarding configuration.md
Cache miss for: 05-Layer 3—IP Routing Configuration Guide/09-RIPng configuration.md
Processed file: 03-Layer 2—LAN Switching Configuration Guide/17-Service loopback group configuration.md
Cache miss for: 05-Layer 3—IP Routing Configuration Guide/10-OSPFv3 configuration.md
Processed file: 03-Layer 2—LAN Switching Configuration Guide/03-Bulk interface configuration.md
Cache miss for: 05-Layer 3—IP Routing Configuration Guide/11-IPv6 policy-based routing configuration.md
Processed file: 01-Fundamentals Configuration Guide/11-Tcl configuration.md
Cache miss for: 05-Layer 3—IP Routing Configuration Guide/12-Routing policy configuration.md
Large but empty file: 03-Layer 2—LAN Switching Configuration Guide/13-Spanning tree configuration.md
Cache miss for: 05-Layer 3—IP Routing Configuration Guide/13-DCN configuration.md
Processed file: 03-Layer 2—LAN Switching Configuration Guide/07-Port isolation configuration.md
Cache miss for: 06-IP Multicast Configuration Guide/01-Multicast overview.md
Processed chunked file: 04-Layer 3—IP Services Configuration Guide/02-IP addressing configuration.md (2 chunks, 5 snippets)
Cache miss for: 06-IP Multicast Configuration Guide/02-IGMP snooping configuration.md
Processed file: 03-Layer 2—LAN Switching Configuration Guide/18-PFC configuration.md
Cache miss for: 06-IP Multicast Configuration Guide/03-PIM snooping configuration.md
Processed file: 04-Layer 3—IP Services Configuration Guide/07-IP forwarding basics configuration.md
Cache miss for: 06-IP Multicast Configuration Guide/04-Multicast VLAN configuration.md
Processed file: 04-Layer 3—IP Services Configuration Guide/16-Tunneling configuration.md
Processed file: 01-Fundamentals Configuration Guide/12-Python configuration.md
Cache miss for: 06-IP Multicast Configuration Guide/05-Multicast routing and forwarding configuration.md
Cache miss for: 06-IP Multicast Configuration Guide/06-IGMP configuration.md
Processed file: 04-Layer 3—IP Services Configuration Guide/05-mDNS relay configuration.md
Cache miss for: 06-IP Multicast Configuration Guide/07-PIM configuration.md
Processed file: 04-Layer 3—IP Services Configuration Guide/12-UDP helper configuration.md
Cache miss for: 06-IP Multicast Configuration Guide/08-MSDP configuration.md
Large but empty file: 06-IP Multicast Configuration Guide/01-Multicast overview.md
Cache miss for: 06-IP Multicast Configuration Guide/09-MLD snooping configuration.md
Processed chunked file: 04-Layer 3—IP Services Configuration Guide/10-IRDP configuration.md (2 chunks, 10 snippets)
Cache miss for: 06-IP Multicast Configuration Guide/10-IPv6 PIM snooping configuration.md
Processed chunked file: 01-Fundamentals Configuration Guide/05-File system management configuration.md (2 chunks, 29 snippets)
Processed chunked file: 03-Layer 2—LAN Switching Configuration Guide/15-L2PT configuration.md (2 chunks, 16 snippets)
Cache miss for: 06-IP Multicast Configuration Guide/12-IPv6 multicast routing and forwarding configuration.md
Cache miss for: 06-IP Multicast Configuration Guide/11-IPv6 multicast VLAN configuration.md
Large but empty file: 06-IP Multicast Configuration Guide/07-PIM configuration.md
Cache miss for: 06-IP Multicast Configuration Guide/13-MLD configuration.md
Processed file: 05-Layer 3—IP Routing Configuration Guide/06-BGP configuration.md
Cache miss for: 06-IP Multicast Configuration Guide/14-IPv6 PIM configuration.md
Processed chunked file: 01-Fundamentals Configuration Guide/07-Software upgrade configuration.md (2 chunks, 19 snippets)
Processed chunked file: 03-Layer 2—LAN Switching Configuration Guide/16-PPP configuration.md (2 chunks, 16 snippets)
Cache miss for: 07-MPLS Configuration Guide/02-Basic MPLS configuration.md
Cache miss for: 07-MPLS Configuration Guide/03-Static LSP configuration.md
Processed chunked file: 03-Layer 2—LAN Switching Configuration Guide/09-MVRP configuration.md (3 chunks, 33 snippets)
Processed chunked file: 04-Layer 3—IP Services Configuration Guide/11-IP performance optimization configuration.md (3 chunks, 33 snippets)
Cache miss for: 07-MPLS Configuration Guide/04-LDP configuration.md
Cache miss for: 07-MPLS Configuration Guide/05-MPLS L3VPN configuration.md
Processed file: 04-Layer 3—IP Services Configuration Guide/06-mDNS gateway configuration.md
Processed chunked file: 04-Layer 3—IP Services Configuration Guide/17-GRE configuration.md (3 chunks, 25 snippets)
Cache miss for: 07-MPLS Configuration Guide/06-MPLS L2VPN configuration.md
Cache miss for: 07-MPLS Configuration Guide/07-VPLS configuration.md
Processed file: 03-Layer 2—LAN Switching Configuration Guide/10-QinQ configuration.md
Cache miss for: 07-MPLS Configuration Guide/08-MPLS OAM configuration.md
Large but empty file: 06-IP Multicast Configuration Guide/14-IPv6 PIM configuration.md
Cache miss for: 07-MPLS Configuration Guide/09-MCE configuration.md
Processed chunked file: 06-IP Multicast Configuration Guide/03-PIM snooping configuration.md (2 chunks, 16 snippets)
Processed chunked file: 01-Fundamentals Configuration Guide/04-FTP and TFTP configuration.md (3 chunks, 36 snippets)
Cache miss for: 08-ACL and QoS Configuration Guide/01-ACL configuration.md
Cache miss for: 08-ACL and QoS Configuration Guide/02-QoS configuration.md
Processed chunked file: 03-Layer 2—LAN Switching Configuration Guide/12-Loop detection configuration.md (3 chunks, 52 snippets)
Processed chunked file: 04-Layer 3—IP Services Configuration Guide/04-DNS configuration.md (3 chunks, 29 snippets)
Cache miss for: 08-ACL and QoS Configuration Guide/03-Data buffer configuration.md
Cache miss for: 08-ACL and QoS Configuration Guide/04-Time range configuration.md
Processed chunked file: 06-IP Multicast Configuration Guide/04-Multicast VLAN configuration.md (2 chunks, 19 snippets)
Cache miss for: 09-Security Configuration Guide/01-AAA configuration.md
Cache miss for: 09-Security Configuration Guide/02-802.1X configuration.md
Processed chunked file: 05-Layer 3—IP Routing Configuration Guide/01-Basic IP routing configuration.md (2 chunks, 22 snippets)
Processed chunked file: 01-Fundamentals Configuration Guide/06-Configuration file management configuration.md (4 chunks, 45 snippets)
Cache miss for: 09-Security Configuration Guide/03-MAC authentication configuration.md
Processed chunked file: 06-IP Multicast Configuration Guide/10-IPv6 PIM snooping configuration.md (2 chunks, 30 snippets)
Cache miss for: 09-Security Configuration Guide/04-Portal configuration.md
Processed chunked file: 03-Layer 2—LAN Switching Configuration Guide/11-VLAN mapping configuration.md (2 chunks, 21 snippets)
Processed chunked file: 06-IP Multicast Configuration Guide/05-Multicast routing and forwarding configuration.md (3 chunks, 33 snippets)
Processed chunked file: 05-Layer 3—IP Routing Configuration Guide/11-IPv6 policy-based routing configuration.md (3 chunks, 30 snippets)
Cache miss for: 09-Security Configuration Guide/05-Web authentication configuration.md
Processed chunked file: 01-Fundamentals Configuration Guide/09-Automatic configuration.md (3 chunks, 25 snippets)
Cache miss for: 09-Security Configuration Guide/06-Triple authentication configuration.md
Processed chunked file: 01-Fundamentals Configuration Guide/01-CLI configuration.md (5 chunks, 41 snippets)
Processed chunked file: 07-MPLS Configuration Guide/02-Basic MPLS configuration.md (2 chunks, 17 snippets)
Cache miss for: 09-Security Configuration Guide/07-Port security configuration.md
Processed chunked file: 06-IP Multicast Configuration Guide/11-IPv6 multicast VLAN configuration.md (2 chunks, 23 snippets)
Cache miss for: 09-Security Configuration Guide/09-Password control configuration.md
Processed file: 08-ACL and QoS Configuration Guide/03-Data buffer configuration.md
Cache miss for: 09-Security Configuration Guide/08-User profile configuration.md
Processed chunked file: 03-Layer 2—LAN Switching Configuration Guide/04-MAC address table configuration.md (4 chunks, 39 snippets)
Processed chunked file: 05-Layer 3—IP Routing Configuration Guide/13-DCN configuration.md (2 chunks, 11 snippets)
Cache miss for: 09-Security Configuration Guide/10-Keychain configuration.md
Cache miss for: 09-Security Configuration Guide/11-Public key management.md
Cache miss for: 09-Security Configuration Guide/12-PKI configuration.md
Cache miss for: 09-Security Configuration Guide/13-IPsec configuration.md
Large but empty file: 07-MPLS Configuration Guide/03-Static LSP configuration.md
Processed chunked file: 06-IP Multicast Configuration Guide/12-IPv6 multicast routing and forwarding configuration.md (3 chunks, 39 snippets)
Processed file: 08-ACL and QoS Configuration Guide/04-Time range configuration.md
Processed chunked file: 04-Layer 3—IP Services Configuration Guide/01-ARP configuration.md (3 chunks, 22 snippets)
Cache miss for: 09-Security Configuration Guide/14-SSH configuration.md
Cache miss for: 09-Security Configuration Guide/15-SSL configuration.md
Processed chunked file: 05-Layer 3—IP Routing Configuration Guide/08-IPv6 static routing configuration.md (3 chunks, 30 snippets)
Cache miss for: 09-Security Configuration Guide/16-Attack detection and prevention configuration.md
Processed chunked file: 06-IP Multicast Configuration Guide/06-IGMP configuration.md (4 chunks, 26 snippets)
Cache miss for: 09-Security Configuration Guide/17-TCP attack prevention configuration.md
Cache miss for: 09-Security Configuration Guide/18-IP source guard configuration.md
Cache miss for: 09-Security Configuration Guide/19-ARP attack protection configuration.md
Cache miss for: 09-Security Configuration Guide/20-ND attack defense configuration.md
Cache miss for: 09-Security Configuration Guide/21-uRPF configuration.md
Processed chunked file: 04-Layer 3—IP Services Configuration Guide/13-IPv6 basics configuration.md (5 chunks, 53 snippets)
Cache miss for: 09-Security Configuration Guide/22-SAVI configuration.md
Processed file: 09-Security Configuration Guide/16-Attack detection and prevention configuration.md
Cache miss for: 09-Security Configuration Guide/23-SAVA configuration.md
Processed chunked file: 05-Layer 3—IP Routing Configuration Guide/02-Static routing configuration.md (3 chunks, 35 snippets)
Processed file: 09-Security Configuration Guide/17-TCP attack prevention configuration.md
Cache miss for: 09-Security Configuration Guide/24-MFF configuration.md
Cache miss for: 09-Security Configuration Guide/25-Crypto engine configuration.md
Processed file: 09-Security Configuration Guide/21-uRPF configuration.md
Cache miss for: 09-Security Configuration Guide/26-FIPS configuration.md
Processed chunked file: 01-Fundamentals Configuration Guide/02-RBAC configuration.md (4 chunks, 30 snippets)
Cache miss for: 09-Security Configuration Guide/27-MACsec configuration.md
Processed file: 09-Security Configuration Guide/02-802.1X configuration.md
Processed file: 06-IP Multicast Configuration Guide/13-MLD configuration.md
Cache miss for: 09-Security Configuration Guide/28-802.1X client configuration.md
Cache miss for: 09-Security Configuration Guide/29-Microsegmentation configuration.md
Processed file: 09-Security Configuration Guide/08-User profile configuration.md
Cache miss for: 09-Security Configuration Guide/30-IP-SGT mapping configuration.md
Processed file: 09-Security Configuration Guide/25-Crypto engine configuration.md
Cache miss for: 10-High Availability Configuration Guide/01-Ethernet OAM configuration.md
Processed chunked file: 05-Layer 3—IP Routing Configuration Guide/07-Policy-based routing configuration.md (4 chunks, 38 snippets)
Cache miss for: 10-High Availability Configuration Guide/02-CFD configuration.md
Processed chunked file: 03-Layer 2—LAN Switching Configuration Guide/08-VLAN configuration.md (4 chunks, 48 snippets)
Cache miss for: 10-High Availability Configuration Guide/03-DLDP configuration.md
Processed chunked file: 09-Security Configuration Guide/15-SSL configuration.md (2 chunks, 11 snippets)
Cache miss for: 10-High Availability Configuration Guide/04-RRPP configuration.md
Processed file: 09-Security Configuration Guide/28-802.1X client configuration.md
Cache miss for: 10-High Availability Configuration Guide/05-ERPS configuration.md
Processed chunked file: 09-Security Configuration Guide/10-Keychain configuration.md (2 chunks, 18 snippets)
Cache miss for: 10-High Availability Configuration Guide/06-Smart Link configuration.md
Processed chunked file: 09-Security Configuration Guide/24-MFF configuration.md (2 chunks, 18 snippets)
Cache miss for: 10-High Availability Configuration Guide/07-Monitor Link configuration.md
Processed chunked file: 03-Layer 2—LAN Switching Configuration Guide/05-Ethernet link aggregation configuration.md (8 chunks, 66 snippets)
Processed chunked file: 03-Layer 2—LAN Switching Configuration Guide/14-LLDP configuration.md (5 chunks, 30 snippets)
Cache miss for: 10-High Availability Configuration Guide/08-VRRP configuration.md
Processed file: 09-Security Configuration Guide/06-Triple authentication configuration.md
Cache miss for: 10-High Availability Configuration Guide/09-BFD configuration.md
Processed chunked file: 03-Layer 2—LAN Switching Configuration Guide/01-Ethernet interface configuration.md (6 chunks, 84 snippets)
Cache miss for: 10-High Availability Configuration Guide/10-Track configuration.md
Cache miss for: 10-High Availability Configuration Guide/11-Process placement configuration.md
Processed chunked file: 01-Fundamentals Configuration Guide/10-Device management configuration.md (6 chunks, 90 snippets)
Processed file: 09-Security Configuration Guide/11-Public key management.md
Processed chunked file: 09-Security Configuration Guide/22-SAVI configuration.md (2 chunks, 15 snippets)
Processed chunked file: 09-Security Configuration Guide/26-FIPS configuration.md (3 chunks, 26 snippets)
Cache miss for: 11-Network Management and Monitoring Configuration Guide/01-System maintenance and debugging configuration.md
Processed chunked file: 09-Security Configuration Guide/30-IP-SGT mapping configuration.md (2 chunks, 11 snippets)
Processed chunked file: 05-Layer 3—IP Routing Configuration Guide/12-Routing policy configuration.md (3 chunks, 30 snippets)
Cache miss for: 11-Network Management and Monitoring Configuration Guide/02-NQA configuration.md
Processed chunked file: 09-Security Configuration Guide/09-Password control configuration.md (3 chunks, 50 snippets)
Cache miss for: 11-Network Management and Monitoring Configuration Guide/03-iNQA configuration.md
Cache miss for: 11-Network Management and Monitoring Configuration Guide/04-NTP configuration.md
Cache miss for: 11-Network Management and Monitoring Configuration Guide/05-PTP configuration.md
Processed chunked file: 05-Layer 3—IP Routing Configuration Guide/09-RIPng configuration.md (4 chunks, 39 snippets)
Cache miss for: 11-Network Management and Monitoring Configuration Guide/07-PoE configuration.md
Cache miss for: 11-Network Management and Monitoring Configuration Guide/08-SNMP configuration.md
Cache miss for: 11-Network Management and Monitoring Configuration Guide/09-RMON configuration.md
Processed chunked file: 09-Security Configuration Guide/20-ND attack defense configuration.md (3 chunks, 44 snippets)
Cache miss for: 11-Network Management and Monitoring Configuration Guide/10-Event MIB configuration.md
Processed chunked file: 06-IP Multicast Configuration Guide/08-MSDP configuration.md (6 chunks, 84 snippets)
Processed chunked file: 01-Fundamentals Configuration Guide/08-ISSU configuration.md (8 chunks, 95 snippets)
Cache miss for: 11-Network Management and Monitoring Configuration Guide/11-NETCONF configuration.md
Processed chunked file: 08-ACL and QoS Configuration Guide/01-ACL configuration.md (3 chunks, 41 snippets)
Cache miss for: 11-Network Management and Monitoring Configuration Guide/12-Ansible configuration.md
Cache miss for: 11-Network Management and Monitoring Configuration Guide/13-Puppet configuration.md
Processed file: 10-High Availability Configuration Guide/11-Process placement configuration.md
Cache miss for: 11-Network Management and Monitoring Configuration Guide/14-Chef configuration.md
Processed chunked file: 07-MPLS Configuration Guide/08-MPLS OAM configuration.md (4 chunks, 34 snippets)
Cache miss for: 11-Network Management and Monitoring Configuration Guide/15-SmartMC configuration.md
Processed chunked file: 11-Network Management and Monitoring Configuration Guide/01-System maintenance and debugging configuration.md (2 chunks, 10 snippets)
Processed chunked file: 10-High Availability Configuration Guide/07-Monitor Link configuration.md (2 chunks, 27 snippets)
Cache miss for: 11-Network Management and Monitoring Configuration Guide/16-EPA configuration.md
Processed chunked file: 07-MPLS Configuration Guide/09-MCE configuration.md (3 chunks, 28 snippets)
Cache miss for: 11-Network Management and Monitoring Configuration Guide/17-ONVIF configuration.md
Cache miss for: 11-Network Management and Monitoring Configuration Guide/18-CWMP configuration.md
Processed file: 11-Network Management and Monitoring Configuration Guide/12-Ansible configuration.md
Cache miss for: 11-Network Management and Monitoring Configuration Guide/19-EAA configuration.md
Processed chunked file: 09-Security Configuration Guide/29-Microsegmentation configuration.md (3 chunks, 47 snippets)
Processed chunked file: 10-High Availability Configuration Guide/01-Ethernet OAM configuration.md (3 chunks, 31 snippets)
Cache miss for: 11-Network Management and Monitoring Configuration Guide/20-Process monitoring and maintenance configuration.md
Cache miss for: 11-Network Management and Monitoring Configuration Guide/21-Mirroring configuration.md
Processed chunked file: 09-Security Configuration Guide/27-MACsec configuration.md (4 chunks, 35 snippets)
Processed file: 11-Network Management and Monitoring Configuration Guide/13-Puppet configuration.md
Cache miss for: 11-Network Management and Monitoring Configuration Guide/22-sFlow configuration.md
Cache miss for: 11-Network Management and Monitoring Configuration Guide/23-Information center configuration.md
Processed chunked file: 11-Network Management and Monitoring Configuration Guide/09-RMON configuration.md (2 chunks, 15 snippets)
Cache miss for: 11-Network Management and Monitoring Configuration Guide/24-Packet capture configuration.md
Processed chunked file: 09-Security Configuration Guide/23-SAVA configuration.md (4 chunks, 23 snippets)
Cache miss for: 11-Network Management and Monitoring Configuration Guide/25-VCF fabric configuration.md
Processed chunked file: 10-High Availability Configuration Guide/02-CFD configuration.md (4 chunks, 53 snippets)
Cache miss for: 11-Network Management and Monitoring Configuration Guide/26-Cloud connection configuration.md
Processed chunked file: 11-Network Management and Monitoring Configuration Guide/17-ONVIF configuration.md (2 chunks, 14 snippets)
Processed chunked file: 09-Security Configuration Guide/18-IP source guard configuration.md (2 chunks, 14 snippets)
Cache miss for: 11-Network Management and Monitoring Configuration Guide/27-EPS agent configuration.md
Cache miss for: 11-Network Management and Monitoring Configuration Guide/28-eMDI configuration.md
Processed chunked file: 10-High Availability Configuration Guide/03-DLDP configuration.md (4 chunks, 30 snippets)
Cache miss for: 11-Network Management and Monitoring Configuration Guide/29-SQA configuration.md
Processed chunked file: 11-Network Management and Monitoring Configuration Guide/14-Chef configuration.md (2 chunks, 16 snippets)
Processed file: 11-Network Management and Monitoring Configuration Guide/22-sFlow configuration.md
Cache miss for: 12-Telemetry Configuration Guide/01-gRPC configuration.md
Cache miss for: 13-OpenFlow Configuration Guide/01-OpenFlow configuration.md
Processed chunked file: 11-Network Management and Monitoring Configuration Guide/18-CWMP configuration.md (3 chunks, 26 snippets)
Cache miss for: 14-VXLAN Configuration Guide/01-VXLAN configuration.md
Processed chunked file: 11-Network Management and Monitoring Configuration Guide/20-Process monitoring and maintenance configuration.md (2 chunks, 20 snippets)
Cache miss for: 15-EVPN Configuration Guide/01-EVPN overview.md
Processed chunked file: 07-MPLS Configuration Guide/06-MPLS L2VPN configuration.md (3 chunks, 47 snippets)
Cache miss for: 15-EVPN Configuration Guide/02-EVPN VXLAN configuration.md
Large but empty file: 14-VXLAN Configuration Guide/01-VXLAN configuration.md
Cache miss for: 15-EVPN Configuration Guide/03-EVPN-DCI configuration.md
Processed chunked file: 11-Network Management and Monitoring Configuration Guide/10-Event MIB configuration.md (4 chunks, 28 snippets)
Processed file: 11-Network Management and Monitoring Configuration Guide/27-EPS agent configuration.md
Processed chunked file: 10-High Availability Configuration Guide/09-BFD configuration.md (4 chunks, 46 snippets)
Processed chunked file: 09-Security Configuration Guide/05-Web authentication configuration.md (3 chunks, 21 snippets)
Cache miss for: 15-EVPN Configuration Guide/04-MVXLAN configuration.md
Cache miss for: README.md
Cache miss for: 16-Service Chain Configuration Guide/01-Service chain configuration (Switches).md
Processed chunked file: 05-Layer 3—IP Routing Configuration Guide/03-RIP configuration.md (8 chunks, 102 snippets)
Processed chunked file: 09-Security Configuration Guide/19-ARP attack protection configuration.md (4 chunks, 52 snippets)
Processed chunked file: 11-Network Management and Monitoring Configuration Guide/16-EPA configuration.md (3 chunks, 34 snippets)
Processed chunked file: 11-Network Management and Monitoring Configuration Guide/07-PoE configuration.md (4 chunks, 39 snippets)
Large but empty file: 11-Network Management and Monitoring Configuration Guide/26-Cloud connection configuration.md
Large but empty file: 15-EVPN Configuration Guide/04-MVXLAN configuration.md
Processed chunked file: 11-Network Management and Monitoring Configuration Guide/08-SNMP configuration.md (4 chunks, 48 snippets)
Processed chunked file: 09-Security Configuration Guide/13-IPsec configuration.md (8 chunks, 68 snippets)
Processed chunked file: 06-IP Multicast Configuration Guide/09-MLD snooping configuration.md (9 chunks, 83 snippets)
Processed chunked file: 10-High Availability Configuration Guide/06-Smart Link configuration.md (5 chunks, 35 snippets)
Processed chunked file: 11-Network Management and Monitoring Configuration Guide/24-Packet capture configuration.md (2 chunks, 19 snippets)
Processed chunked file: 11-Network Management and Monitoring Configuration Guide/29-SQA configuration.md (2 chunks, 17 snippets)
Processed file: 11-Network Management and Monitoring Configuration Guide/28-eMDI configuration.md
Processed chunked file: 07-MPLS Configuration Guide/04-LDP configuration.md (4 chunks, 42 snippets)
Large but empty file: 15-EVPN Configuration Guide/02-EVPN VXLAN configuration.md
Processed chunked file: 07-MPLS Configuration Guide/07-VPLS configuration.md (5 chunks, 90 snippets)
Processed chunked file: 11-Network Management and Monitoring Configuration Guide/25-VCF fabric configuration.md (3 chunks, 27 snippets)
Processed chunked file: 09-Security Configuration Guide/12-PKI configuration.md (8 chunks, 113 snippets)
Processed chunked file: 11-Network Management and Monitoring Configuration Guide/19-EAA configuration.md (3 chunks, 27 snippets)
Processed chunked file: 11-Network Management and Monitoring Configuration Guide/15-SmartMC configuration.md (5 chunks, 58 snippets)
Processed chunked file: 09-Security Configuration Guide/03-MAC authentication configuration.md (10 chunks, 85 snippets)
Processed chunked file: 11-Network Management and Monitoring Configuration Guide/03-iNQA configuration.md (4 chunks, 51 snippets)
Processed chunked file: 06-IP Multicast Configuration Guide/02-IGMP snooping configuration.md (8 chunks, 106 snippets)
Processed chunked file: 02-Virtual Technologies Configuration Guide/01-IRF configuration.md (9 chunks, 105 snippets)
Processed chunked file: 12-Telemetry Configuration Guide/01-gRPC configuration.md (3 chunks, 36 snippets)
Processed chunked file: 11-Network Management and Monitoring Configuration Guide/21-Mirroring configuration.md (4 chunks, 67 snippets)
Processed file: 13-OpenFlow Configuration Guide/01-OpenFlow configuration.md
Processed chunked file: 03-Layer 2—LAN Switching Configuration Guide/06-M-LAG configuration.md (10 chunks, 111 snippets)
Processed chunked file: 11-Network Management and Monitoring Configuration Guide/23-Information center configuration.md (5 chunks, 69 snippets)
Processed chunked file: 11-Network Management and Monitoring Configuration Guide/05-PTP configuration.md (6 chunks, 71 snippets)
Processed chunked file: 09-Security Configuration Guide/07-Port security configuration.md (12 chunks, 98 snippets)
Processed chunked file: 11-Network Management and Monitoring Configuration Guide/04-NTP configuration.md (8 chunks, 106 snippets)
Processed chunked file: 05-Layer 3—IP Routing Configuration Guide/10-OSPFv3 configuration.md (12 chunks, 120 snippets)
Processed chunked file: 15-EVPN Configuration Guide/03-EVPN-DCI configuration.md (4 chunks, 49 snippets)
Cache miss for: 05-Layer 3—IP Routing Configuration Guide/04-OSPF configuration.md
Processed chunked file: 10-High Availability Configuration Guide/04-RRPP configuration.md (6 chunks, 53 snippets)
Processed chunked file: 11-Network Management and Monitoring Configuration Guide/11-NETCONF configuration.md (7 chunks, 49 snippets)
Processed chunked file: 09-Security Configuration Guide/04-Portal configuration.md (16 chunks, 130 snippets)
Processed chunked file: 10-High Availability Configuration Guide/08-VRRP configuration.md (11 chunks, 93 snippets)
Cache miss for: 10-High Availability Configuration Guide/10-Track configuration.md
Processed chunked file: 05-Layer 3—IP Routing Configuration Guide/05-IS-IS configuration.md (19 chunks, 176 snippets)
Processed chunked file: 10-High Availability Configuration Guide/05-ERPS configuration.md (5 chunks, 51 snippets)
Cache miss for: 11-Network Management and Monitoring Configuration Guide/02-NQA configuration.md
Cache miss for: 09-Security Configuration Guide/01-AAA configuration.md
Cache miss for: 09-Security Configuration Guide/14-SSH configuration.md
Processed chunked file: 05-Layer 3—IP Routing Configuration Guide/04-OSPF configuration.md (15 chunks, 212 snippets)
Processed chunked file: 10-High Availability Configuration Guide/10-Track configuration.md (11 chunks, 114 snippets)
Processed chunked file: 07-MPLS Configuration Guide/05-MPLS L3VPN configuration.md (17 chunks, 173 snippets)
Processed chunked file: 11-Network Management and Monitoring Configuration Guide/02-NQA configuration.md (15 chunks, 166 snippets)
Processed chunked file: 09-Security Configuration Guide/01-AAA configuration.md (17 chunks, 168 snippets)
Parsing completed
Vectorized 41 code snippets from the page: H3C CLI Usage Guide
Vectorized 30 code snippets from the page: H3C RBAC Configuration Tasks
Vectorized 36 code snippets from the page: Configuring FTP Server on H3C Devices
Vectorized 29 code snippets from the page: H3C File System Management Documentation
Vectorized 45 code snippets from the page: Managing H3C Device Configuration Files
Vectorized 19 code snippets from the page: H3C Device Software Upgrade using CLI
Vectorized 95 code snippets from the page: H3C Comware ISSU Documentation
Vectorized 25 code snippets from the page: H3C Device Automatic Configuration Documentation
Vectorized 90 code snippets from the page: H3C Device Basic Configuration and Management
Vectorized 8 code snippets from the page: Using Tcl and Comware Commands on H3C Devices
Vectorized 11 code snippets from the page: Using Python on H3C Comware 7 Devices
Vectorized 105 code snippets from the page: Configuring H3C IRF Fabric
Vectorized 84 code snippets from the page: Configuring H3C Switch Ethernet Interfaces
Vectorized 5 code snippets from the page: Configuring Loopback, Null, and Inloopback Interfaces on H3C Devices
Vectorized 6 code snippets from the page: Bulk Interface Configuration on H3C Devices
Vectorized 39 code snippets from the page: Configuring MAC Address Tables on H3C Devices
Vectorized 66 code snippets from the page: Configure LACP System ID on H3C Devices
Vectorized 111 code snippets from the page: H3C M-LAG Failure Handling and Configuration Guidelines
Vectorized 8 code snippets from the page: Configuring Port Isolation on H3C Devices
Vectorized 48 code snippets from the page: H3C VLAN Configuration and Assignment Guide
Vectorized 33 code snippets from the page: MVRP Configuration on H3C Devices
Vectorized 7 code snippets from the page: Configuring QinQ TPID and 802.1p Priority on H3C Devices
Vectorized 21 code snippets from the page: Configuring VLAN Mapping on H3C Devices
Vectorized 52 code snippets from the page: Configuring Loop Detection on H3C Devices
Vectorized 30 code snippets from the page: H3C Network Device LLDP Configuration Guide
Vectorized 16 code snippets from the page: H3C L2PT Configuration Guide
Vectorized 16 code snippets from the page: Configuring PPPoE Relay on H3C Devices
Vectorized 4 code snippets from the page: Configuring Service Loopback Groups on H3C Devices
Vectorized 17 code snippets from the page: Configuring Priority-based Flow Control (PFC) on H3C Devices
Vectorized 22 code snippets from the page: Configuring ARP on H3C Devices
Vectorized 5 code snippets from the page: Configuring IP Addressing on H3C Devices
Vectorized 29 code snippets from the page: H3C DNS Configuration Guide
Vectorized 12 code snippets from the page: H3C mDNS Relay Configuration Guide
Vectorized 8 code snippets from the page: Configuring H3C mDNS Gateway
Vectorized 4 code snippets from the page: H3C Comware IP Forwarding and FIB Table Configuration
Vectorized 5 code snippets from the page: Configuring Fast Forwarding on H3C Devices
Vectorized 10 code snippets from the page: Configuring IRDP on H3C Network Devices
Vectorized 33 code snippets from the page: H3C IP Performance Optimization Configuration Guide
Vectorized 12 code snippets from the page: Configuring UDP Helper on H3C Devices
Vectorized 53 code snippets from the page: IPv6 Configuration and Concepts on H3C Devices
Vectorized 5 code snippets from the page: H3C IPv6 Fast Forwarding Configuration
Vectorized 6 code snippets from the page: Configuring Tunnel Interfaces on H3C Devices
Vectorized 25 code snippets from the page: Configuring GRE Tunnels on H3C Devices
Vectorized 3 code snippets from the page: Configuring HTTP and HTTPS Redirect on H3C Devices
Vectorized 22 code snippets from the page: Configuring Basic IP Routing on H3C Devices
Vectorized 35 code snippets from the page: Configuring Static Routing on H3C Devices
Vectorized 102 code snippets from the page: Configuring RIP on H3C Network Devices
Vectorized 212 code snippets from the page: OSPF Configuration Tasks on H3C Devices
Vectorized 176 code snippets from the page: Configuring IPv4 and IPv6 IS-IS
Vectorized 14 code snippets from the page: H3C BGP Multi-Instance and Configuration Views
Vectorized 38 code snippets from the page: H3C Policy-Based Routing (PBR) Configuration
Vectorized 30 code snippets from the page: H3C Comware IPv6 Static Routing Configuration
Vectorized 39 code snippets from the page: Configuring RIPng on H3C Devices
Vectorized 120 code snippets from the page: Configuring OSPFv3 on H3C Network Devices
Vectorized 30 code snippets from the page: Configuring IPv6 Policy-Based Routing (PBR) on H3C Devices
Vectorized 30 code snippets from the page: Configuring H3C Routing Policies and Filters
Vectorized 11 code snippets from the page: Configuring Data Communication Network (DCN) on H3C Devices
Vectorized 106 code snippets from the page: Configuring IGMP Snooping on H3C Devices
Vectorized 16 code snippets from the page: H3C PIM Snooping Configuration Guide
Vectorized 19 code snippets from the page: Configuring Multicast VLANs on H3C Devices
Vectorized 33 code snippets from the page: H3C Multicast Routing and Forwarding Configuration
Vectorized 26 code snippets from the page: H3C IGMP Configuration Reference
Vectorized 84 code snippets from the page: H3C MSDP and Anycast RP Configuration
Vectorized 83 code snippets from the page: H3C MLD Snooping Configuration Guide
Vectorized 30 code snippets from the page: Configuring IPv6 PIM Snooping on H3C Devices
Vectorized 23 code snippets from the page: Configuring IPv6 Multicast VLANs on H3C Devices
Vectorized 39 code snippets from the page: Configuring IPv6 Multicast Routing and Forwarding on H3C Devices
Vectorized 28 code snippets from the page: H3C IPv6 Multicast Configuration: MLD, PIM-DM, PIM-SM, SSM Mapping, and Proxying
Vectorized 17 code snippets from the page: Basic MPLS Configuration Concepts and Tasks on H3C Devices
Vectorized 42 code snippets from the page: LDP Features and Configuration Prerequisites
Vectorized 173 code snippets from the page: MPLS L3VPN Configuration Details - H3C Comware
Vectorized 47 code snippets from the page: MPLS L2VPN Configuration and Concepts
Vectorized 90 code snippets from the page: H-VPLS Configuration on H3C Devices
Vectorized 34 code snippets from the page: Configuring MPLS OAM
Vectorized 28 code snippets from the page: H3C MCE and VPN Instance Configuration CLI
Vectorized 41 code snippets from the page: H3C ACL Configuration Entry Commands
Vectorized 6 code snippets from the page: H3C Switch Data Buffer Configuration
Vectorized 4 code snippets from the page: H3C Comware Time Range Configuration
Vectorized 168 code snippets from the page: H3C RADIUS Configuration Tasks and Procedures
Vectorized 2 code snippets from the page: H3C 802.1X Post-Authentication Features
Vectorized 85 code snippets from the page: H3C MAC Authentication Configuration Guidelines and Procedures
Vectorized 130 code snippets from the page: H3C Portal Authentication Configuration Guide
Vectorized 21 code snippets from the page: Web Authentication Configuration on H3C Devices
Vectorized 18 code snippets from the page: H3C Device Authentication and DHCP Configuration
Vectorized 98 code snippets from the page: H3C Port Security Configuration Guide
Vectorized 16 code snippets from the page: H3C Comware User Profile Configuration with QoS and 802.1X
Vectorized 50 code snippets from the page: H3C Device Password Control Configuration
Vectorized 18 code snippets from the page: Configuring Keychains on H3C Devices
Vectorized 9 code snippets from the page: H3C Device Public Key Management
Vectorized 113 code snippets from the page: Configuring PKI Entities and Domains on H3C Devices
Vectorized 68 code snippets from the page: IPsec ACLs and Transform Sets Configuration
Vectorized 11 code snippets from the page: Configuring SSL on H3C Devices
Vectorized 3 code snippets from the page: Configuring H3C Attack Detection and Prevention
Vectorized 4 code snippets from the page: Configuring TCP Attack Prevention (H3C Comware)
Vectorized 14 code snippets from the page: H3C Comware: Configuring IP Source Guard (IPSG)
Vectorized 52 code snippets from the page: H3C Device ARP Attack Protection Configuration
Vectorized 44 code snippets from the page: Configuring ND Attack Defense on H3C Devices
Vectorized 3 code snippets from the page: Configuring Unicast Reverse Path Forwarding (uRPF) on H3C Devices
Vectorized 15 code snippets from the page: Configuring SAVI on H3C Devices
Vectorized 23 code snippets from the page: Configuring SAVA on H3C Network Devices
Vectorized 18 code snippets from the page: Configuring MAC-Forced Forwarding (MFF) on H3C Devices
Vectorized 3 code snippets from the page: H3C Crypto Engine Configuration and Management
Vectorized 26 code snippets from the page: Configuring FIPS Mode on H3C Devices
Vectorized 35 code snippets from the page: Configuring MACsec on H3C Devices
Vectorized 8 code snippets from the page: Configuring 802.1X Clients on H3C Devices
Vectorized 47 code snippets from the page: Configuring Microsegmentation on H3C Devices
Vectorized 11 code snippets from the page: Configuring IP-SGT Mapping on H3C Devices
Vectorized 31 code snippets from the page: Configuring Ethernet OAM on H3C Devices
Vectorized 53 code snippets from the page: H3C CFD/CFM Basic Configuration Guide
Vectorized 30 code snippets from the page: DLDP Configuration on H3C Devices
Vectorized 53 code snippets from the page: RRPP (Rapid Ring Protection Protocol) Configuration Overview
Vectorized 51 code snippets from the page: H3C ERPS Configuration and Concepts
Vectorized 35 code snippets from the page: H3C Smart Link Configuration Guide
Vectorized 27 code snippets from the page: Configuring H3C Monitor Link
Vectorized 93 code snippets from the page: Configuring IPv4 VRRP on H3C Routers
Vectorized 46 code snippets from the page: H3C BFD Configuration (Static Echo & Control Mode)
Vectorized 114 code snippets from the page: Configuring the H3C Network Track Module
Vectorized 5 code snippets from the page: Configuring Process Placement on H3C Comware
Vectorized 10 code snippets from the page: Network Troubleshooting with Ping and Tracert Utilities
Vectorized 166 code snippets from the page: Configuring NQA on H3C Devices
Vectorized 51 code snippets from the page: H3C iNQA Collector and Analyzer Configuration Guide
Vectorized 106 code snippets from the page: H3C Comware NTP Configuration Documentation
Vectorized 71 code snippets from the page: H3C Device PTP Configuration Guide
Vectorized 39 code snippets from the page: Configuring Power over Ethernet (PoE) on H3C Devices
Vectorized 48 code snippets from the page: Configuring SNMP on H3C Devices
Vectorized 15 code snippets from the page: Configuring RMON on H3C Devices
Vectorized 28 code snippets from the page: Event MIB Configuration on H3C Devices
Vectorized 49 code snippets from the page: Configuring NETCONF on H3C Devices
Vectorized 1 code snippets from the page: Automating H3C Device Configuration with Ansible
Vectorized 10 code snippets from the page: H3C Device Puppet Configuration Guide
Vectorized 16 code snippets from the page: Configuring Chef on Network Devices
Vectorized 58 code snippets from the page: H3C SmartMC Configuration and Features
Vectorized 34 code snippets from the page: Configuring H3C Endpoint Analysis (EPA)
Vectorized 14 code snippets from the page: Configuring ONVIF on H3C Devices
Vectorized 26 code snippets from the page: Configuring CWMP on Network Devices
Vectorized 27 code snippets from the page: Configuring EAA on H3C Devices
Vectorized 20 code snippets from the page: Monitoring and Maintaining Processes on H3C Devices
Vectorized 67 code snippets from the page: H3C Comware Port Mirroring Configuration
Vectorized 17 code snippets from the page: Configuring sFlow on H3C Devices
Vectorized 69 code snippets from the page: H3C Information Center and Log Configuration
Vectorized 19 code snippets from the page: H3C Packet Capture and Filtering Configuration
Vectorized 27 code snippets from the page: H3C VCF Fabric Automated Deployment Configuration
Vectorized 5 code snippets from the page: H3C EPS Agent Configuration Documentation
Vectorized 3 code snippets from the page: Configuring eMDI on H3C Devices
Vectorized 17 code snippets from the page: Configuring Service Quality Analysis (SQA) on H3C Devices
Vectorized 36 code snippets from the page: Configuring gRPC on H3C Devices
Vectorized 16 code snippets from the page: H3C OpenFlow Instance Configuration Guide
Imported 5922 code snippets from 148 files
Vectorized 49 code snippets from the page: Configuring EVPN-DCI on H3C Devices
Optimizing and reranking batch 4 of 119
Optimizing and reranking batch 3 of 119
Optimizing and reranking batch 2 of 119
Optimizing and reranking batch 1 of 119
Optimizing and reranking batch 7 of 119
Optimizing and reranking batch 6 of 119
Optimizing and reranking batch 5 of 119
Optimizing and reranking batch 13 of 119
Optimizing and reranking batch 12 of 119
Optimizing and reranking batch 11 of 119
Optimizing and reranking batch 10 of 119
Optimizing and reranking batch 9 of 119
Optimizing and reranking batch 8 of 119
Optimizing and reranking batch 16 of 119
Optimizing and reranking batch 15 of 119
Optimizing and reranking batch 14 of 119
Optimizing and reranking batch 18 of 119
Optimizing and reranking batch 17 of 119
Optimizing and reranking batch 26 of 119
Optimizing and reranking batch 25 of 119
Optimizing and reranking batch 24 of 119
Optimizing and reranking batch 23 of 119
Optimizing and reranking batch 22 of 119
Optimizing and reranking batch 21 of 119
Optimizing and reranking batch 20 of 119
Optimizing and reranking batch 19 of 119
Optimizing and reranking batch 35 of 119
Optimizing and reranking batch 34 of 119
Optimizing and reranking batch 33 of 119
Optimizing and reranking batch 32 of 119
Optimizing and reranking batch 31 of 119
Optimizing and reranking batch 30 of 119
Optimizing and reranking batch 29 of 119
Optimizing and reranking batch 28 of 119
Optimizing and reranking batch 27 of 119
Optimizing and reranking batch 44 of 119
Optimizing and reranking batch 43 of 119
Optimizing and reranking batch 42 of 119
Optimizing and reranking batch 41 of 119
Optimizing and reranking batch 40 of 119
Optimizing and reranking batch 39 of 119
Optimizing and reranking batch 38 of 119
Optimizing and reranking batch 37 of 119
Optimizing and reranking batch 36 of 119
Optimizing and reranking batch 50 of 119
Optimizing and reranking batch 49 of 119
Optimizing and reranking batch 48 of 119
Optimizing and reranking batch 47 of 119
Optimizing and reranking batch 46 of 119
Optimizing and reranking batch 45 of 119
Optimizing and reranking batch 51 of 119
Optimizing and reranking batch 52 of 119
Optimizing and reranking batch 53 of 119
Optimizing and reranking batch 54 of 119
Optimizing and reranking batch 55 of 119
Optimizing and reranking batch 56 of 119
Optimizing and reranking batch 57 of 119
Optimizing and reranking batch 58 of 119
Optimizing and reranking batch 59 of 119
Optimizing and reranking batch 60 of 119
Optimizing and reranking batch 61 of 119
Optimizing and reranking batch 62 of 119
Optimizing and reranking batch 63 of 119
Optimizing and reranking batch 64 of 119
Error processing batch 24
Optimizing and reranking batch 65 of 119
Optimizing and reranking batch 66 of 119
Optimizing and reranking batch 67 of 119
Optimizing and reranking batch 68 of 119
Optimizing and reranking batch 69 of 119
Optimizing and reranking batch 70 of 119
Optimizing and reranking batch 71 of 119
Optimizing and reranking batch 72 of 119
Optimizing and reranking batch 73 of 119
Optimizing and reranking batch 74 of 119
Optimizing and reranking batch 75 of 119
Optimizing and reranking batch 76 of 119
Optimizing and reranking batch 77 of 119
Optimizing and reranking batch 78 of 119
Optimizing and reranking batch 79 of 119
Optimizing and reranking batch 80 of 119
Optimizing and reranking batch 81 of 119
Optimizing and reranking batch 82 of 119
Optimizing and reranking batch 83 of 119
Optimizing and reranking batch 84 of 119
Optimizing and reranking batch 85 of 119
Optimizing and reranking batch 86 of 119
Optimizing and reranking batch 87 of 119
Optimizing and reranking batch 88 of 119
Optimizing and reranking batch 89 of 119
Optimizing and reranking batch 90 of 119
Optimizing and reranking batch 91 of 119
Optimizing and reranking batch 92 of 119
Optimizing and reranking batch 93 of 119
Optimizing and reranking batch 94 of 119
Optimizing and reranking batch 95 of 119
Optimizing and reranking batch 96 of 119
Optimizing and reranking batch 97 of 119
Optimizing and reranking batch 98 of 119
Optimizing and reranking batch 99 of 119
Optimizing and reranking batch 100 of 119
Optimizing and reranking batch 101 of 119
Optimizing and reranking batch 102 of 119
Optimizing and reranking batch 103 of 119
Optimizing and reranking batch 104 of 119
Optimizing and reranking batch 105 of 119
Optimizing and reranking batch 106 of 119
Optimizing and reranking batch 107 of 119
Optimizing and reranking batch 108 of 119
Optimizing and reranking batch 109 of 119
Optimizing and reranking batch 110 of 119
Optimizing and reranking batch 111 of 119
Optimizing and reranking batch 112 of 119
Optimizing and reranking batch 113 of 119
Optimizing and reranking batch 114 of 119
Optimizing and reranking batch 115 of 119
Optimizing and reranking batch 116 of 119
Optimizing and reranking batch 117 of 119
Optimizing and reranking batch 118 of 119
Optimizing and reranking batch 119 of 119
Successfully optimized and reranked 4391 code snippets and stored as user guide in /dtruong46me/h3c
Process completed. Total execution time: 1354737ms (1355s)
Process completed with success
